Arguments: 
  /usr/bin/node /usr/share/yarn/bin/yarn.js add react react-dom react-redux react-router react-router-dom redux redux-sagas

PATH: 
  /home/nilo/.yarn/bin:/home/nilo/.config/yarn/global/node_modules/.bin:/home/nilo/.yarn/bin:/home/nilo/.config/yarn/global/node_modules/.bin:/home/nilo/.zinit/polaris/bin:/usr/local/sbin:/usr/local/bin:/usr/sbin:/usr/bin:/sbin:/bin:/usr/games:/usr/local/games:/snap/bin:/home/nilo/Android/Sdk/tools:/home/nilo/Android/Sdk/platform-tools:/home/nilo/android-studio/bin:/home/nilo/Android/Sdk/tools:/home/nilo/Android/Sdk/platform-tools:/home/nilo/android-studio/bin

Yarn version: 
  1.22.4

Node version: 
  12.18.0

Platform: 
  linux x64

Trace: 
  Error: https://registry.yarnpkg.com/redux-sagas: Not found
      at Request.params.callback [as _callback] (/usr/share/yarn/lib/cli.js:66987:18)
      at Request.self.callback (/usr/share/yarn/lib/cli.js:140748:22)
      at Request.emit (events.js:315:20)
      at Request.<anonymous> (/usr/share/yarn/lib/cli.js:141720:10)
      at Request.emit (events.js:315:20)
      at IncomingMessage.<anonymous> (/usr/share/yarn/lib/cli.js:141642:12)
      at Object.onceWrapper (events.js:421:28)
      at IncomingMessage.emit (events.js:327:22)
      at endReadableNT (_stream_readable.js:1221:12)
      at processTicksAndRejections (internal/process/task_queues.js:84:21)

npm manifest: 
  {
    "name": "micro-frontend-server",
    "version": "1.0.0",
    "author": "Nilo Neregato <neregatonilo@gmail.com>",
    "private": true,
    "description": "",
    "license": "MIT",
    "main": "index.js",
    "scripts": {
      "dev": "NODE_ENV=development webpack --watch",
      "build": "NODE_ENV=production webpack"
    }
  }

yarn manifest: 
  No manifest

Lockfile: 
  No lockfile
